SonarCloud plugins:
  - IaC Code Quality and Security 1.7.0.2012 (iac)
  - PL/SQL Code Quality and Security 3.7.0.4372 (plsql)
  - Scala Code Quality and Security 1.9.0.3429 (sonarscala)
  - C# Code Quality and Security 8.40.0.48530 (csharp)
  - Vulnerability Analysis 9.5.1.16463 (security)
  - Java Code Quality and Security 7.12.0.29739 (java)
  - HTML Code Quality and Security 3.6.0.3106 (web)
  - Flex Code Quality and Security 2.7.0.2865 (flex)
  - XML Code Quality and Security 2.5.0.3376 (xml)
  - Text file Code Quality and Security 1.1.0.282 (text)
  - VB.NET Code Quality and Security 8.40.0.48530 (vbnet)
  - Swift Code Quality and Security 4.6.0.5406 (swift)
  - CFamily Code Quality and Security 6.34.0.48468 (cpp)
  - Python Code Quality and Security 3.15.0.9787 (python)
  - Dataflow Bug Detection Rules for Python 1.3.0.1749 (dbdpythonfrontend)
  - Dataflow Bug Detection 1.3.0.1749 (dbd)
  - Go Code Quality and Security 1.9.0.3429 (go)
  - JaCoCo 1.1.1.1157 (jacoco)
  - Kotlin Code Quality and Security 2.9.0.1147 (kotlin)
  - Dataflow Bug Detection Rules for Java 1.3.0.1749 (dbdjavafrontend)
  - T-SQL Code Quality and Security 1.6.0.4844 (tsql)
  - Apex Code Quality and Security 1.9.0.3429 (sonarapex)
  - JavaScript/TypeScript/CSS Code Quality and Security 9.3.0.18033 (javascript)
  - Ruby Code Quality and Security 1.9.0.3429 (ruby)
  - Vulnerability Rules for C# 9.5.1.16463 (securitycsharpfrontend)
  - Vulnerability Rules for Java 9.5.1.16463 (securityjavafrontend)
  - License for SonarLint task ':private:sonarlint-license-plugin:jar' property 'archiveVersion' (license)
  - Vulnerability Rules for JS 9.5.1.16463 (securityjsfrontend)
  - COBOL Code Quality 5.0.0.5433 (cobol)
  - Vulnerability Rules for Python 9.5.1.16463 (securitypythonfrontend)
  - PHP Code Quality and Security 3.23.1.8766 (php)
  - ABAP Code Quality and Security 3.10.0.3628 (abap)
  - Configuration detection fot Code Quality and Security 1.2.0.267 (config)
  - Vulnerability Rules for PHP 9.5.1.16463 (securityphpfrontend)
Global server settings:
  - email.from=noreply@sonarcloud.io
  - email.fromName=SonarCloud
  - email.prefix=[SonarCloud]
  - sonar.auth.bitbucket.enabled=true
  - sonar.auth.microsoft.enabled=true
  - sonar.core.id=1BD809FA-AWHW8ct9-T_TB3XqouNu
  - sonar.core.serverBaseURL=https://sonarcloud.io
  - sonar.core.startTime=2022-06-16T10:22:38+0200
  - sonar.dbcleaner.weeksBeforeDeletingAllSnapshots=260
  - sonar.dbcleaner.weeksBeforeKeepingOnlyOneSnapshotByMonth=4
  - sonar.dbcleaner.weeksBeforeKeepingOnlyOneSnapshotByWeek=1
  - sonar.global.exclusions=**/build-wrapper-dump.json
  - sonar.lf.enableGravatar=true
  - sonar.lf.logoWidthPx=105
  - sonar.maintenance_mode.link=https://sonarcloud.statuspage.io/incidents/66vlr4dc3jwy
  - sonar.maintenance_mode.message=Results of analyses performed prior to 6:15am CET may not be available yet and will be progressively provided throughout coming hours. Results of analysis performed after 8:00am CET are available.
  - sonar.maintenance_mode.start_date=2022-03-26T23:00:00.000+01:00
  - sonar.organizations.anyoneCanCreate=true
  - sonar.organizations.createPersonalOrg=true
  - sonar.plsql.file.suffixes=sql,tab,pkb
  - sonar.tsql.file.suffixes=.tsql
Project server settings:
  - sonar.autoscan.enabled=false
Project scanner properties:
  - sonar.exclusions=**/node_modules/**,**/src/stories/**, **/*.stories.js, **/src/index.js, **/src/App.js, **/src/reportWebVitals.js, **/src/services/**,**/src/components/Helper/**
  - sonar.host.url=https://sonarcloud.io
  - sonar.javascript.lcov.reportPaths=coverage/lcov.info
  - sonar.language=js
  - sonar.organization=sampathbabu1
  - sonar.projectBaseDir=/home/sampab/demo-angular
  - sonar.projectKey=sampathbabu1_Temp
  - sonar.projectVersion=1.0
  - sonar.scanner.app=ScannerCli
  - sonar.scanner.appVersion=3.1.0.1141
  - sonar.sourceEncoding=UTF-8
  - sonar.sources=./src
  - sonar.test.exclusions=**/*.stories.js,**/src/stories/**,**/helperFunctions/**,**/src/components/Helper/**
  - sonar.test.inclusions=**/*.spec.ts
  - sonar.tests=./src
  - sonar.verbose=true
  - sonar.working.directory=/home/sampab/demo-angular/.scannerwork
